Array
(
    [_FCGI_X_PIPE_] => \\.\pipe\IISFCGI-277d16bb-6621-4001-bb2e-7ea5913a0bbc
    [PHP_FCGI_MAX_REQUESTS] => 200
    [PHPRC] => C:\PHP\
    [ALLUSERSPROFILE] => C:\ProgramData
    [APPDATA] => C:\WINDOWS\system32\config\systemprofile\AppData\Roaming
    [APP_POOL_CONFIG] => C:\inetpub\temp\apppools\100-KwinFlat\100-KwinFlat.config
    [APP_POOL_ID] => 100-KwinFlat
    [CommonProgramFiles] => C:\Program Files\Common Files
    [CommonProgramFiles(x86)] => C:\Program Files (x86)\Common Files
    [CommonProgramW6432] => C:\Program Files\Common Files
    [COMPUTERNAME] => DESKTOP-3BB10IB
    [ComSpec] => C:\WINDOWS\system32\cmd.exe
    [DriverData] => C:\Windows\System32\Drivers\DriverData
    [LOCALAPPDATA] => C:\WINDOWS\system32\config\systemprofile\AppData\Local
    [NUMBER_OF_PROCESSORS] => 4
    [OS] => Windows_NT
    [Path] => C:\WINDOWS\system32;C:\WINDOWS;C:\WINDOWS\System32\Wbem;C:\WINDOWS\System32\WindowsPowerShell\v1.0\;C:\WINDOWS\System32\OpenSSH\;C:\Program Files (x86)\Pandoc\;c:\PHP;C:\Program Files\Git\cmd;C:\Program Files\nodejs\;C:\WINDOWS\system32\config\systemprofile\AppData\Local\Microsoft\WindowsApps
    [PATHEXT] => .COM;.EXE;.BAT;.CMD;.VBS;.VBE;.JS;.JSE;.WSF;.WSH;.MSC
    [PROCESSOR_ARCHITECTURE] => AMD64
    [PROCESSOR_IDENTIFIER] => Intel64 Family 6 Model 126 Stepping 5, GenuineIntel
    [PROCESSOR_LEVEL] => 6
    [PROCESSOR_REVISION] => 7e05
    [ProgramData] => C:\ProgramData
    [ProgramFiles] => C:\Program Files
    [ProgramFiles(x86)] => C:\Program Files (x86)
    [ProgramW6432] => C:\Program Files
    [PSModulePath] => C:\Program Files\WindowsPowerShell\Modules;C:\WINDOWS\system32\WindowsPowerShell\v1.0\Modules
    [PUBLIC] => C:\Users\Public
    [SystemDrive] => C:
    [SystemRoot] => C:\WINDOWS
    [TEMP] => C:\WINDOWS\TEMP
    [TMP] => C:\WINDOWS\TEMP
    [USERDOMAIN] => WORKGROUP
    [USERNAME] => DESKTOP-3BB10IB$
    [USERPROFILE] => C:\WINDOWS\system32\config\systemprofile
    [windir] => C:\WINDOWS
    [ZES_ENABLE_SYSMAN] => 1
    [ORIG_PATH_INFO] => /State/index.php
    [URL] => /State/index.php
    [SERVER_SOFTWARE] => Microsoft-IIS/10.0
    [SERVER_PROTOCOL] => HTTP/1.1
    [SERVER_PORT_SECURE] => 0
    [SERVER_PORT] => 100
    [SERVER_NAME] => localhost
    [SCRIPT_NAME] => /State/index.php
    [SCRIPT_FILENAME] => C:\KwinFlat\www\State\index.php
    [REQUEST_URI] => /State/?cycle=34&num=5&ctrl=204&sjson={%22trkpt%22:{%22lat%22:61846308,%22lon%22:33166584,%22color%22:%22blue%22}}
    [REQUEST_METHOD] => GET
    [REMOTE_USER] => 
    [REMOTE_PORT] => 57146
    [REMOTE_HOST] => ::1
    [REMOTE_ADDR] => ::1
    [QUERY_STRING] => cycle=34&num=5&ctrl=204&sjson={%22trkpt%22:{%22lat%22:61846308,%22lon%22:33166584,%22color%22:%22blue%22}}
    [PATH_TRANSLATED] => C:\KwinFlat\www\State\index.php
    [LOGON_USER] => 
    [LOCAL_ADDR] => ::1
    [INSTANCE_META_PATH] => /LM/W3SVC/10
    [INSTANCE_NAME] => 100-KWINFLAT
    [INSTANCE_ID] => 10
    [HTTPS_SERVER_SUBJECT] => 
    [HTTPS_SERVER_ISSUER] => 
    [HTTPS_SECRETKEYSIZE] => 
    [HTTPS_KEYSIZE] => 
    [HTTPS] => off
    [GATEWAY_INTERFACE] => CGI/1.1
    [DOCUMENT_ROOT] => C:\KwinFlat\www
    [CONTENT_TYPE] => 
    [CONTENT_LENGTH] => 0
    [CERT_SUBJECT] => 
    [CERT_SERIALNUMBER] => 
    [CERT_ISSUER] => 
    [CERT_FLAGS] => 
    [CERT_COOKIE] => 
    [AUTH_USER] => 
    [AUTH_PASSWORD] => 
    [AUTH_TYPE] => 
    [APPL_PHYSICAL_PATH] => C:\KwinFlat\www\
    [APPL_MD_PATH] => /LM/W3SVC/10/ROOT
    [WEBSOCKET_VERSION] => 13
    [HTTP_SEC_FETCH_DEST] => empty
    [HTTP_SEC_FETCH_MODE] => cors
    [HTTP_SEC_FETCH_SITE] => same-origin
    [HTTP_SEC_CH_UA_MOBILE] => ?0
    [HTTP_SEC_CH_UA] => "Microsoft Edge";v="143", "Chromium";v="143", "Not A(Brand";v="24"
    [HTTP_SEC_CH_UA_PLATFORM] => "Windows"
    [HTTP_USER_AGENT] => Mozilla/5.0 (Windows NT 10.0; Win64; x64) AppleWebKit/537.36 (KHTML, like Gecko) Chrome/143.0.0.0 Safari/537.36 Edg/143.0.0.0
    [HTTP_REFERER] => http://localhost:100/
    [HTTP_HOST] => localhost:100
    [HTTP_COOKIE] => Orient=landscape; PHPSESSID=5d8j0s55fds17qv726gcv4spdt
    [HTTP_ACCEPT_LANGUAGE] => ru,en;q=0.9,en-GB;q=0.8,en-US;q=0.7
    [HTTP_ACCEPT_ENCODING] => gzip, deflate, br, zstd
    [HTTP_ACCEPT] => */*
    [HTTP_CONTENT_LENGTH] => 0
    [HTTP_CONNECTION] => keep-alive
    [FCGI_ROLE] => RESPONDER
    [PHP_SELF] => /State/index.php
    [REQUEST_TIME_FLOAT] => 1765887783.4945
    [REQUEST_TIME] => 1765887783
)

